2019-03-11 10:33:51.651 ERROR org.springframework.boot.web.embedded.tomcat.TomcatStarter Line:62  - Error starting Tomcat context. Exception: org.springframework.beans.factory.BeanCreationException. Message: Error creating bean with name 'servletEndpointRegistrar' defined in class path resource [org/springframework/boot/actuate/autoconfigure/endpoint/web/ServletEndpointManagementContextConfiguration$WebMvcServletEndpointManagementContextConfiguration.class]: Bean instantiation via factory method failed; nested exception is org.springframework.beans.BeanInstantiationException: Failed to instantiate [org.springframework.boot.actuate.endpoint.web.ServletEndpointRegistrar]: Factory method 'servletEndpointRegistrar' threw exception; nested exception is org.springframework.beans.factory.UnsatisfiedDependencyException: Error creating bean with name 'routesEndpoint' defined in class path resource [org/springframework/cloud/netflix/zuul/ZuulProxyAutoConfiguration$EndpointConfiguration.class]: Unsatisfied dependency expressed through method 'routesEndpoint' parameter 0; nested exception is org.springframework.beans.factory.UnsatisfiedDependencyException: Error creating bean with name 'primaryRouteLocator' defined in class path resource [org/springframework/cloud/netflix/zuul/ZuulProxyAutoConfiguration.class]: Unsatisfied dependency expressed through method 'primaryRouteLocator' parameter 0; nested exception is org.springframework.beans.factory.BeanCreationException: Error creating bean with name 'discoveryRouteLocator' defined in class path resource [org/springframework/cloud/netflix/zuul/ZuulProxyAutoConfiguration.class]: Bean instantiation via factory method failed; nested exception is org.springframework.beans.BeanInstantiationException: Failed to instantiate [org.springframework.cloud.netflix.zuul.filters.discovery.DiscoveryClientRouteLocator]: Factory method 'discoveryRouteLocator' threw exception; nested exception is java.lang.NoSuchMethodError: org.springframework.boot.autoconfigure.web.ServerProperties$Servlet.getServletPrefix()Ljava/lang/String;
2019-03-11 10:33:51.804 ERROR org.springframework.boot.diagnostics.LoggingFailureAnalysisReporter Line:42  - 

***************************
APPLICATION FAILED TO START
***************************

Description:

An attempt was made to call the method org.springframework.boot.autoconfigure.web.ServerProperties$Servlet.getServletPrefix()Ljava/lang/String; but it does not exist. Its class, org.springframework.boot.autoconfigure.web.ServerProperties$Servlet, is available from the following locations:

    jar:file:/C:/Users/cairan/.m2/repository/org/springframework/boot/spring-boot-autoconfigure/2.1.3.RELEASE/spring-boot-autoconfigure-2.1.3.RELEASE.jar!/org/springframework/boot/autoconfigure/web/ServerProperties$Servlet.class

It was loaded from the following location:

    file:/C:/Users/cairan/.m2/repository/org/springframework/boot/spring-boot-autoconfigure/2.1.3.RELEASE/spring-boot-autoconfigure-2.1.3.RELEASE.jar


Action:

Correct the classpath of your application so that it contains a single, compatible version of org.springframework.boot.autoconfigure.web.ServerProperties$Servlet

2019-03-11 10:35:03.900 ERROR org.springframework.boot.web.embedded.tomcat.TomcatStarter Line:62  - Error starting Tomcat context. Exception: org.springframework.beans.factory.BeanCreationException. Message: Error creating bean with name 'servletEndpointRegistrar' defined in class path resource [org/springframework/boot/actuate/autoconfigure/endpoint/web/ServletEndpointManagementContextConfiguration$WebMvcServletEndpointManagementContextConfiguration.class]: Bean instantiation via factory method failed; nested exception is org.springframework.beans.BeanInstantiationException: Failed to instantiate [org.springframework.boot.actuate.endpoint.web.ServletEndpointRegistrar]: Factory method 'servletEndpointRegistrar' threw exception; nested exception is org.springframework.beans.factory.UnsatisfiedDependencyException: Error creating bean with name 'routesEndpoint' defined in class path resource [org/springframework/cloud/netflix/zuul/ZuulProxyAutoConfiguration$EndpointConfiguration.class]: Unsatisfied dependency expressed through method 'routesEndpoint' parameter 0; nested exception is org.springframework.beans.factory.UnsatisfiedDependencyException: Error creating bean with name 'primaryRouteLocator' defined in class path resource [org/springframework/cloud/netflix/zuul/ZuulProxyAutoConfiguration.class]: Unsatisfied dependency expressed through method 'primaryRouteLocator' parameter 0; nested exception is org.springframework.beans.factory.BeanCreationException: Error creating bean with name 'discoveryRouteLocator' defined in class path resource [org/springframework/cloud/netflix/zuul/ZuulProxyAutoConfiguration.class]: Bean instantiation via factory method failed; nested exception is org.springframework.beans.BeanInstantiationException: Failed to instantiate [org.springframework.cloud.netflix.zuul.filters.discovery.DiscoveryClientRouteLocator]: Factory method 'discoveryRouteLocator' threw exception; nested exception is java.lang.NoSuchMethodError: org.springframework.boot.autoconfigure.web.ServerProperties$Servlet.getServletPrefix()Ljava/lang/String;
2019-03-11 10:35:03.988 ERROR org.springframework.boot.diagnostics.LoggingFailureAnalysisReporter Line:42  - 

***************************
APPLICATION FAILED TO START
***************************

Description:

An attempt was made to call the method org.springframework.boot.autoconfigure.web.ServerProperties$Servlet.getServletPrefix()Ljava/lang/String; but it does not exist. Its class, org.springframework.boot.autoconfigure.web.ServerProperties$Servlet, is available from the following locations:

    jar:file:/C:/Users/cairan/.m2/repository/org/springframework/boot/spring-boot-autoconfigure/2.1.3.RELEASE/spring-boot-autoconfigure-2.1.3.RELEASE.jar!/org/springframework/boot/autoconfigure/web/ServerProperties$Servlet.class

It was loaded from the following location:

    file:/C:/Users/cairan/.m2/repository/org/springframework/boot/spring-boot-autoconfigure/2.1.3.RELEASE/spring-boot-autoconfigure-2.1.3.RELEASE.jar


Action:

Correct the classpath of your application so that it contains a single, compatible version of org.springframework.boot.autoconfigure.web.ServerProperties$Servlet

2019-03-11 10:37:48.635 ERROR org.springframework.boot.web.embedded.tomcat.TomcatStarter Line:62  - Error starting Tomcat context. Exception: org.springframework.beans.factory.BeanCreationException. Message: Error creating bean with name 'servletEndpointRegistrar' defined in class path resource [org/springframework/boot/actuate/autoconfigure/endpoint/web/ServletEndpointManagementContextConfiguration$WebMvcServletEndpointManagementContextConfiguration.class]: Bean instantiation via factory method failed; nested exception is org.springframework.beans.BeanInstantiationException: Failed to instantiate [org.springframework.boot.actuate.endpoint.web.ServletEndpointRegistrar]: Factory method 'servletEndpointRegistrar' threw exception; nested exception is org.springframework.beans.factory.UnsatisfiedDependencyException: Error creating bean with name 'routesEndpoint' defined in class path resource [org/springframework/cloud/netflix/zuul/ZuulProxyAutoConfiguration$EndpointConfiguration.class]: Unsatisfied dependency expressed through method 'routesEndpoint' parameter 0; nested exception is org.springframework.beans.factory.UnsatisfiedDependencyException: Error creating bean with name 'primaryRouteLocator' defined in class path resource [org/springframework/cloud/netflix/zuul/ZuulProxyAutoConfiguration.class]: Unsatisfied dependency expressed through method 'primaryRouteLocator' parameter 0; nested exception is org.springframework.beans.factory.BeanCreationException: Error creating bean with name 'discoveryRouteLocator' defined in class path resource [org/springframework/cloud/netflix/zuul/ZuulProxyAutoConfiguration.class]: Bean instantiation via factory method failed; nested exception is org.springframework.beans.BeanInstantiationException: Failed to instantiate [org.springframework.cloud.netflix.zuul.filters.discovery.DiscoveryClientRouteLocator]: Factory method 'discoveryRouteLocator' threw exception; nested exception is java.lang.NoSuchMethodError: org.springframework.boot.autoconfigure.web.ServerProperties$Servlet.getServletPrefix()Ljava/lang/String;
2019-03-11 10:37:48.764 ERROR org.springframework.boot.diagnostics.LoggingFailureAnalysisReporter Line:42  - 

***************************
APPLICATION FAILED TO START
***************************

Description:

An attempt was made to call the method org.springframework.boot.autoconfigure.web.ServerProperties$Servlet.getServletPrefix()Ljava/lang/String; but it does not exist. Its class, org.springframework.boot.autoconfigure.web.ServerProperties$Servlet, is available from the following locations:

    jar:file:/C:/Users/cairan/.m2/repository/org/springframework/boot/spring-boot-autoconfigure/2.1.3.RELEASE/spring-boot-autoconfigure-2.1.3.RELEASE.jar!/org/springframework/boot/autoconfigure/web/ServerProperties$Servlet.class

It was loaded from the following location:

    file:/C:/Users/cairan/.m2/repository/org/springframework/boot/spring-boot-autoconfigure/2.1.3.RELEASE/spring-boot-autoconfigure-2.1.3.RELEASE.jar


Action:

Correct the classpath of your application so that it contains a single, compatible version of org.springframework.boot.autoconfigure.web.ServerProperties$Servlet

2019-03-11 10:42:45.970 ERROR org.springframework.boot.web.embedded.tomcat.TomcatStarter Line:62  - Error starting Tomcat context. Exception: org.springframework.beans.factory.BeanCreationException. Message: Error creating bean with name 'servletEndpointRegistrar' defined in class path resource [org/springframework/boot/actuate/autoconfigure/endpoint/web/ServletEndpointManagementContextConfiguration$WebMvcServletEndpointManagementContextConfiguration.class]: Bean instantiation via factory method failed; nested exception is org.springframework.beans.BeanInstantiationException: Failed to instantiate [org.springframework.boot.actuate.endpoint.web.ServletEndpointRegistrar]: Factory method 'servletEndpointRegistrar' threw exception; nested exception is org.springframework.beans.factory.UnsatisfiedDependencyException: Error creating bean with name 'routesEndpoint' defined in class path resource [org/springframework/cloud/netflix/zuul/ZuulProxyAutoConfiguration$EndpointConfiguration.class]: Unsatisfied dependency expressed through method 'routesEndpoint' parameter 0; nested exception is org.springframework.beans.factory.UnsatisfiedDependencyException: Error creating bean with name 'primaryRouteLocator' defined in class path resource [org/springframework/cloud/netflix/zuul/ZuulProxyAutoConfiguration.class]: Unsatisfied dependency expressed through method 'primaryRouteLocator' parameter 0; nested exception is org.springframework.beans.factory.BeanCreationException: Error creating bean with name 'discoveryRouteLocator' defined in class path resource [org/springframework/cloud/netflix/zuul/ZuulProxyAutoConfiguration.class]: Bean instantiation via factory method failed; nested exception is org.springframework.beans.BeanInstantiationException: Failed to instantiate [org.springframework.cloud.netflix.zuul.filters.discovery.DiscoveryClientRouteLocator]: Factory method 'discoveryRouteLocator' threw exception; nested exception is java.lang.NoSuchMethodError: org.springframework.boot.autoconfigure.web.ServerProperties$Servlet.getServletPrefix()Ljava/lang/String;
2019-03-11 10:42:46.058 ERROR org.springframework.boot.diagnostics.LoggingFailureAnalysisReporter Line:42  - 

***************************
APPLICATION FAILED TO START
***************************

Description:

An attempt was made to call the method org.springframework.boot.autoconfigure.web.ServerProperties$Servlet.getServletPrefix()Ljava/lang/String; but it does not exist. Its class, org.springframework.boot.autoconfigure.web.ServerProperties$Servlet, is available from the following locations:

    jar:file:/C:/Users/cairan/.m2/repository/org/springframework/boot/spring-boot-autoconfigure/2.1.3.RELEASE/spring-boot-autoconfigure-2.1.3.RELEASE.jar!/org/springframework/boot/autoconfigure/web/ServerProperties$Servlet.class

It was loaded from the following location:

    file:/C:/Users/cairan/.m2/repository/org/springframework/boot/spring-boot-autoconfigure/2.1.3.RELEASE/spring-boot-autoconfigure-2.1.3.RELEASE.jar


Action:

Correct the classpath of your application so that it contains a single, compatible version of org.springframework.boot.autoconfigure.web.ServerProperties$Servlet

2019-03-11 10:44:46.913 ERROR org.springframework.boot.web.embedded.tomcat.TomcatStarter Line:62  - Error starting Tomcat context. Exception: org.springframework.beans.factory.BeanCreationException. Message: Error creating bean with name 'servletEndpointRegistrar' defined in class path resource [org/springframework/boot/actuate/autoconfigure/endpoint/web/ServletEndpointManagementContextConfiguration$WebMvcServletEndpointManagementContextConfiguration.class]: Bean instantiation via factory method failed; nested exception is org.springframework.beans.BeanInstantiationException: Failed to instantiate [org.springframework.boot.actuate.endpoint.web.ServletEndpointRegistrar]: Factory method 'servletEndpointRegistrar' threw exception; nested exception is org.springframework.beans.factory.UnsatisfiedDependencyException: Error creating bean with name 'routesEndpoint' defined in class path resource [org/springframework/cloud/netflix/zuul/ZuulProxyAutoConfiguration$EndpointConfiguration.class]: Unsatisfied dependency expressed through method 'routesEndpoint' parameter 0; nested exception is org.springframework.beans.factory.UnsatisfiedDependencyException: Error creating bean with name 'primaryRouteLocator' defined in class path resource [org/springframework/cloud/netflix/zuul/ZuulProxyAutoConfiguration.class]: Unsatisfied dependency expressed through method 'primaryRouteLocator' parameter 0; nested exception is org.springframework.beans.factory.BeanCreationException: Error creating bean with name 'discoveryRouteLocator' defined in class path resource [org/springframework/cloud/netflix/zuul/ZuulProxyAutoConfiguration.class]: Bean instantiation via factory method failed; nested exception is org.springframework.beans.BeanInstantiationException: Failed to instantiate [org.springframework.cloud.netflix.zuul.filters.discovery.DiscoveryClientRouteLocator]: Factory method 'discoveryRouteLocator' threw exception; nested exception is java.lang.NoSuchMethodError: org.springframework.boot.autoconfigure.web.ServerProperties$Servlet.getServletPrefix()Ljava/lang/String;
2019-03-11 10:44:47.015 ERROR org.springframework.boot.diagnostics.LoggingFailureAnalysisReporter Line:42  - 

***************************
APPLICATION FAILED TO START
***************************

Description:

An attempt was made to call the method org.springframework.boot.autoconfigure.web.ServerProperties$Servlet.getServletPrefix()Ljava/lang/String; but it does not exist. Its class, org.springframework.boot.autoconfigure.web.ServerProperties$Servlet, is available from the following locations:

    jar:file:/C:/Users/cairan/.m2/repository/org/springframework/boot/spring-boot-autoconfigure/2.1.3.RELEASE/spring-boot-autoconfigure-2.1.3.RELEASE.jar!/org/springframework/boot/autoconfigure/web/ServerProperties$Servlet.class

It was loaded from the following location:

    file:/C:/Users/cairan/.m2/repository/org/springframework/boot/spring-boot-autoconfigure/2.1.3.RELEASE/spring-boot-autoconfigure-2.1.3.RELEASE.jar


Action:

Correct the classpath of your application so that it contains a single, compatible version of org.springframework.boot.autoconfigure.web.ServerProperties$Servlet

2019-03-11 10:48:41.061 ERROR org.springframework.boot.diagnostics.LoggingFailureAnalysisReporter Line:42  - 

***************************
APPLICATION FAILED TO START
***************************

Description:

The bean 'proxyRequestHelper', defined in class path resource [org/springframework/cloud/netflix/zuul/ZuulProxyAutoConfiguration$NoActuatorConfiguration.class], could not be registered. A bean with that name has already been defined in class path resource [org/springframework/cloud/netflix/zuul/ZuulProxyAutoConfiguration$EndpointConfiguration.class] and overriding is disabled.

Action:

Consider renaming one of the beans or enabling overriding by setting spring.main.allow-bean-definition-overriding=true

2019-03-11 10:50:12.448 ERROR org.springframework.boot.web.embedded.tomcat.TomcatStarter Line:62  - Error starting Tomcat context. Exception: org.springframework.beans.factory.BeanCreationException. Message: Error creating bean with name 'servletEndpointRegistrar' defined in class path resource [org/springframework/boot/actuate/autoconfigure/endpoint/web/ServletEndpointManagementContextConfiguration$WebMvcServletEndpointManagementContextConfiguration.class]: Bean instantiation via factory method failed; nested exception is org.springframework.beans.BeanInstantiationException: Failed to instantiate [org.springframework.boot.actuate.endpoint.web.ServletEndpointRegistrar]: Factory method 'servletEndpointRegistrar' threw exception; nested exception is org.springframework.beans.factory.UnsatisfiedDependencyException: Error creating bean with name 'routesEndpoint' defined in class path resource [org/springframework/cloud/netflix/zuul/ZuulProxyAutoConfiguration$EndpointConfiguration.class]: Unsatisfied dependency expressed through method 'routesEndpoint' parameter 0; nested exception is org.springframework.beans.factory.UnsatisfiedDependencyException: Error creating bean with name 'primaryRouteLocator' defined in class path resource [org/springframework/cloud/netflix/zuul/ZuulProxyAutoConfiguration.class]: Unsatisfied dependency expressed through method 'primaryRouteLocator' parameter 0; nested exception is org.springframework.beans.factory.BeanCreationException: Error creating bean with name 'discoveryRouteLocator' defined in class path resource [org/springframework/cloud/netflix/zuul/ZuulProxyAutoConfiguration.class]: Bean instantiation via factory method failed; nested exception is org.springframework.beans.BeanInstantiationException: Failed to instantiate [org.springframework.cloud.netflix.zuul.filters.discovery.DiscoveryClientRouteLocator]: Factory method 'discoveryRouteLocator' threw exception; nested exception is java.lang.NoSuchMethodError: org.springframework.boot.autoconfigure.web.ServerProperties$Servlet.getServletPrefix()Ljava/lang/String;
2019-03-11 10:50:12.535 ERROR org.springframework.boot.diagnostics.LoggingFailureAnalysisReporter Line:42  - 

***************************
APPLICATION FAILED TO START
***************************

Description:

An attempt was made to call the method org.springframework.boot.autoconfigure.web.ServerProperties$Servlet.getServletPrefix()Ljava/lang/String; but it does not exist. Its class, org.springframework.boot.autoconfigure.web.ServerProperties$Servlet, is available from the following locations:

    jar:file:/C:/Users/cairan/.m2/repository/org/springframework/boot/spring-boot-autoconfigure/2.1.3.RELEASE/spring-boot-autoconfigure-2.1.3.RELEASE.jar!/org/springframework/boot/autoconfigure/web/ServerProperties$Servlet.class

It was loaded from the following location:

    file:/C:/Users/cairan/.m2/repository/org/springframework/boot/spring-boot-autoconfigure/2.1.3.RELEASE/spring-boot-autoconfigure-2.1.3.RELEASE.jar


Action:

Correct the classpath of your application so that it contains a single, compatible version of org.springframework.boot.autoconfigure.web.ServerProperties$Servlet

2019-03-11 10:50:41.905 ERROR org.springframework.boot.diagnostics.LoggingFailureAnalysisReporter Line:42  - 

***************************
APPLICATION FAILED TO START
***************************

Description:

The bean 'proxyRequestHelper', defined in class path resource [org/springframework/cloud/netflix/zuul/ZuulProxyAutoConfiguration$NoActuatorConfiguration.class], could not be registered. A bean with that name has already been defined in class path resource [org/springframework/cloud/netflix/zuul/ZuulProxyAutoConfiguration$EndpointConfiguration.class] and overriding is disabled.

Action:

Consider renaming one of the beans or enabling overriding by setting spring.main.allow-bean-definition-overriding=true

2019-03-11 10:56:50.940 ERROR org.springframework.boot.diagnostics.LoggingFailureAnalysisReporter Line:42  - 

***************************
APPLICATION FAILED TO START
***************************

Description:

The bean 'proxyRequestHelper', defined in class path resource [org/springframework/cloud/netflix/zuul/ZuulProxyAutoConfiguration$NoActuatorConfiguration.class], could not be registered. A bean with that name has already been defined in class path resource [org/springframework/cloud/netflix/zuul/ZuulProxyAutoConfiguration$EndpointConfiguration.class] and overriding is disabled.

Action:

Consider renaming one of the beans or enabling overriding by setting spring.main.allow-bean-definition-overriding=true

2019-03-11 10:58:33.519 ERROR org.springframework.boot.diagnostics.LoggingFailureAnalysisReporter Line:42  - 

***************************
APPLICATION FAILED TO START
***************************

Description:

The bean 'proxyRequestHelper', defined in class path resource [org/springframework/cloud/netflix/zuul/ZuulProxyAutoConfiguration$NoActuatorConfiguration.class], could not be registered. A bean with that name has already been defined in class path resource [org/springframework/cloud/netflix/zuul/ZuulProxyAutoConfiguration$EndpointConfiguration.class] and overriding is disabled.

Action:

Consider renaming one of the beans or enabling overriding by setting spring.main.allow-bean-definition-overriding=true

2019-03-11 10:59:24.859 ERROR org.springframework.boot.web.embedded.tomcat.TomcatStarter Line:62  - Error starting Tomcat context. Exception: org.springframework.beans.factory.BeanCreationException. Message: Error creating bean with name 'servletEndpointRegistrar' defined in class path resource [org/springframework/boot/actuate/autoconfigure/endpoint/web/ServletEndpointManagementContextConfiguration$WebMvcServletEndpointManagementContextConfiguration.class]: Bean instantiation via factory method failed; nested exception is org.springframework.beans.BeanInstantiationException: Failed to instantiate [org.springframework.boot.actuate.endpoint.web.ServletEndpointRegistrar]: Factory method 'servletEndpointRegistrar' threw exception; nested exception is org.springframework.beans.factory.UnsatisfiedDependencyException: Error creating bean with name 'routesEndpoint' defined in class path resource [org/springframework/cloud/netflix/zuul/ZuulProxyAutoConfiguration$EndpointConfiguration.class]: Unsatisfied dependency expressed through method 'routesEndpoint' parameter 0; nested exception is org.springframework.beans.factory.UnsatisfiedDependencyException: Error creating bean with name 'primaryRouteLocator' defined in class path resource [org/springframework/cloud/netflix/zuul/ZuulProxyAutoConfiguration.class]: Unsatisfied dependency expressed through method 'primaryRouteLocator' parameter 0; nested exception is org.springframework.beans.factory.BeanCreationException: Error creating bean with name 'discoveryRouteLocator' defined in class path resource [org/springframework/cloud/netflix/zuul/ZuulProxyAutoConfiguration.class]: Bean instantiation via factory method failed; nested exception is org.springframework.beans.BeanInstantiationException: Failed to instantiate [org.springframework.cloud.netflix.zuul.filters.discovery.DiscoveryClientRouteLocator]: Factory method 'discoveryRouteLocator' threw exception; nested exception is java.lang.NoSuchMethodError: org.springframework.boot.autoconfigure.web.ServerProperties$Servlet.getServletPrefix()Ljava/lang/String;
2019-03-11 10:59:24.953 ERROR org.springframework.boot.diagnostics.LoggingFailureAnalysisReporter Line:42  - 

***************************
APPLICATION FAILED TO START
***************************

Description:

An attempt was made to call the method org.springframework.boot.autoconfigure.web.ServerProperties$Servlet.getServletPrefix()Ljava/lang/String; but it does not exist. Its class, org.springframework.boot.autoconfigure.web.ServerProperties$Servlet, is available from the following locations:

    jar:file:/C:/Users/cairan/.m2/repository/org/springframework/boot/spring-boot-autoconfigure/2.1.3.RELEASE/spring-boot-autoconfigure-2.1.3.RELEASE.jar!/org/springframework/boot/autoconfigure/web/ServerProperties$Servlet.class

It was loaded from the following location:

    file:/C:/Users/cairan/.m2/repository/org/springframework/boot/spring-boot-autoconfigure/2.1.3.RELEASE/spring-boot-autoconfigure-2.1.3.RELEASE.jar


Action:

Correct the classpath of your application so that it contains a single, compatible version of org.springframework.boot.autoconfigure.web.ServerProperties$Servlet

2019-03-11 10:59:45.715 ERROR org.springframework.boot.web.embedded.tomcat.TomcatStarter Line:62  - Error starting Tomcat context. Exception: org.springframework.beans.factory.BeanCreationException. Message: Error creating bean with name 'servletEndpointRegistrar' defined in class path resource [org/springframework/boot/actuate/autoconfigure/endpoint/web/ServletEndpointManagementContextConfiguration$WebMvcServletEndpointManagementContextConfiguration.class]: Bean instantiation via factory method failed; nested exception is org.springframework.beans.BeanInstantiationException: Failed to instantiate [org.springframework.boot.actuate.endpoint.web.ServletEndpointRegistrar]: Factory method 'servletEndpointRegistrar' threw exception; nested exception is org.springframework.beans.factory.UnsatisfiedDependencyException: Error creating bean with name 'routesEndpoint' defined in class path resource [org/springframework/cloud/netflix/zuul/ZuulProxyAutoConfiguration$EndpointConfiguration.class]: Unsatisfied dependency expressed through method 'routesEndpoint' parameter 0; nested exception is org.springframework.beans.factory.UnsatisfiedDependencyException: Error creating bean with name 'primaryRouteLocator' defined in class path resource [org/springframework/cloud/netflix/zuul/ZuulProxyAutoConfiguration.class]: Unsatisfied dependency expressed through method 'primaryRouteLocator' parameter 0; nested exception is org.springframework.beans.factory.BeanCreationException: Error creating bean with name 'discoveryRouteLocator' defined in class path resource [org/springframework/cloud/netflix/zuul/ZuulProxyAutoConfiguration.class]: Bean instantiation via factory method failed; nested exception is org.springframework.beans.BeanInstantiationException: Failed to instantiate [org.springframework.cloud.netflix.zuul.filters.discovery.DiscoveryClientRouteLocator]: Factory method 'discoveryRouteLocator' threw exception; nested exception is java.lang.NoSuchMethodError: org.springframework.boot.autoconfigure.web.ServerProperties$Servlet.getServletPrefix()Ljava/lang/String;
2019-03-11 10:59:46.371 ERROR org.springframework.boot.diagnostics.LoggingFailureAnalysisReporter Line:42  - 

***************************
APPLICATION FAILED TO START
***************************

Description:

An attempt was made to call the method org.springframework.boot.autoconfigure.web.ServerProperties$Servlet.getServletPrefix()Ljava/lang/String; but it does not exist. Its class, org.springframework.boot.autoconfigure.web.ServerProperties$Servlet, is available from the following locations:

    jar:file:/C:/Users/cairan/.m2/repository/org/springframework/boot/spring-boot-autoconfigure/2.1.3.RELEASE/spring-boot-autoconfigure-2.1.3.RELEASE.jar!/org/springframework/boot/autoconfigure/web/ServerProperties$Servlet.class

It was loaded from the following location:

    file:/C:/Users/cairan/.m2/repository/org/springframework/boot/spring-boot-autoconfigure/2.1.3.RELEASE/spring-boot-autoconfigure-2.1.3.RELEASE.jar


Action:

Correct the classpath of your application so that it contains a single, compatible version of org.springframework.boot.autoconfigure.web.ServerProperties$Servlet

2019-03-11 11:04:15.968 ERROR org.springframework.boot.web.embedded.tomcat.TomcatStarter Line:62  - Error starting Tomcat context. Exception: org.springframework.beans.factory.BeanCreationException. Message: Error creating bean with name 'servletEndpointRegistrar' defined in class path resource [org/springframework/boot/actuate/autoconfigure/endpoint/web/ServletEndpointManagementContextConfiguration$WebMvcServletEndpointManagementContextConfiguration.class]: Bean instantiation via factory method failed; nested exception is org.springframework.beans.BeanInstantiationException: Failed to instantiate [org.springframework.boot.actuate.endpoint.web.ServletEndpointRegistrar]: Factory method 'servletEndpointRegistrar' threw exception; nested exception is org.springframework.beans.factory.UnsatisfiedDependencyException: Error creating bean with name 'routesEndpoint' defined in class path resource [org/springframework/cloud/netflix/zuul/ZuulProxyAutoConfiguration$EndpointConfiguration.class]: Unsatisfied dependency expressed through method 'routesEndpoint' parameter 0; nested exception is org.springframework.beans.factory.UnsatisfiedDependencyException: Error creating bean with name 'primaryRouteLocator' defined in class path resource [org/springframework/cloud/netflix/zuul/ZuulProxyAutoConfiguration.class]: Unsatisfied dependency expressed through method 'primaryRouteLocator' parameter 0; nested exception is org.springframework.beans.factory.BeanCreationException: Error creating bean with name 'discoveryRouteLocator' defined in class path resource [org/springframework/cloud/netflix/zuul/ZuulProxyAutoConfiguration.class]: Bean instantiation via factory method failed; nested exception is org.springframework.beans.BeanInstantiationException: Failed to instantiate [org.springframework.cloud.netflix.zuul.filters.discovery.DiscoveryClientRouteLocator]: Factory method 'discoveryRouteLocator' threw exception; nested exception is java.lang.NoSuchMethodError: org.springframework.boot.autoconfigure.web.ServerProperties$Servlet.getServletPrefix()Ljava/lang/String;
2019-03-11 11:04:16.051 ERROR org.springframework.boot.diagnostics.LoggingFailureAnalysisReporter Line:42  - 

***************************
APPLICATION FAILED TO START
***************************

Description:

An attempt was made to call the method org.springframework.boot.autoconfigure.web.ServerProperties$Servlet.getServletPrefix()Ljava/lang/String; but it does not exist. Its class, org.springframework.boot.autoconfigure.web.ServerProperties$Servlet, is available from the following locations:

    jar:file:/C:/Users/cairan/.m2/repository/org/springframework/boot/spring-boot-autoconfigure/2.1.3.RELEASE/spring-boot-autoconfigure-2.1.3.RELEASE.jar!/org/springframework/boot/autoconfigure/web/ServerProperties$Servlet.class

It was loaded from the following location:

    file:/C:/Users/cairan/.m2/repository/org/springframework/boot/spring-boot-autoconfigure/2.1.3.RELEASE/spring-boot-autoconfigure-2.1.3.RELEASE.jar


Action:

Correct the classpath of your application so that it contains a single, compatible version of org.springframework.boot.autoconfigure.web.ServerProperties$Servlet

2019-03-11 11:38:22.428 ERROR org.springframework.boot.web.embedded.tomcat.TomcatStarter Line:62  - Error starting Tomcat context. Exception: org.springframework.beans.factory.BeanCreationException. Message: Error creating bean with name 'servletEndpointRegistrar' defined in class path resource [org/springframework/boot/actuate/autoconfigure/endpoint/web/ServletEndpointManagementContextConfiguration$WebMvcServletEndpointManagementContextConfiguration.class]: Bean instantiation via factory method failed; nested exception is org.springframework.beans.BeanInstantiationException: Failed to instantiate [org.springframework.boot.actuate.endpoint.web.ServletEndpointRegistrar]: Factory method 'servletEndpointRegistrar' threw exception; nested exception is org.springframework.beans.factory.UnsatisfiedDependencyException: Error creating bean with name 'gatewayControllerEndpoint' defined in class path resource [org/springframework/cloud/gateway/config/GatewayAutoConfiguration$GatewayActuatorConfiguration.class]: Unsatisfied dependency expressed through method 'gatewayControllerEndpoint' parameter 2; nested exception is org.springframework.beans.factory.UnsatisfiedDependencyException: Error creating bean with name 'modifyRequestBodyGatewayFilterFactory' defined in class path resource [org/springframework/cloud/gateway/config/GatewayAutoConfiguration.class]: Unsatisfied dependency expressed through method 'modifyRequestBodyGatewayFilterFactory' parameter 0; nested exception is org.springframework.beans.factory.NoSuchBeanDefinitionException: No qualifying bean of type 'org.springframework.http.codec.ServerCodecConfigurer' available: expected at least 1 bean which qualifies as autowire candidate. Dependency annotations: {}
2019-03-11 11:38:22.861 ERROR org.springframework.boot.diagnostics.LoggingFailureAnalysisReporter Line:42  - 

***************************
APPLICATION FAILED TO START
***************************

Description:

Parameter 0 of method modifyRequestBodyGatewayFilterFactory in org.springframework.cloud.gateway.config.GatewayAutoConfiguration required a bean of type 'org.springframework.http.codec.ServerCodecConfigurer' that could not be found.


Action:

Consider defining a bean of type 'org.springframework.http.codec.ServerCodecConfigurer' in your configuration.

2019-03-11 11:40:36.987 ERROR org.springframework.boot.web.embedded.tomcat.TomcatStarter Line:62  - Error starting Tomcat context. Exception: org.springframework.beans.factory.BeanCreationException. Message: Error creating bean with name 'servletEndpointRegistrar' defined in class path resource [org/springframework/boot/actuate/autoconfigure/endpoint/web/ServletEndpointManagementContextConfiguration$WebMvcServletEndpointManagementContextConfiguration.class]: Bean instantiation via factory method failed; nested exception is org.springframework.beans.BeanInstantiationException: Failed to instantiate [org.springframework.boot.actuate.endpoint.web.ServletEndpointRegistrar]: Factory method 'servletEndpointRegistrar' threw exception; nested exception is org.springframework.beans.factory.UnsatisfiedDependencyException: Error creating bean with name 'gatewayControllerEndpoint' defined in class path resource [org/springframework/cloud/gateway/config/GatewayAutoConfiguration$GatewayActuatorConfiguration.class]: Unsatisfied dependency expressed through method 'gatewayControllerEndpoint' parameter 2; nested exception is org.springframework.beans.factory.UnsatisfiedDependencyException: Error creating bean with name 'modifyRequestBodyGatewayFilterFactory' defined in class path resource [org/springframework/cloud/gateway/config/GatewayAutoConfiguration.class]: Unsatisfied dependency expressed through method 'modifyRequestBodyGatewayFilterFactory' parameter 0; nested exception is org.springframework.beans.factory.NoSuchBeanDefinitionException: No qualifying bean of type 'org.springframework.http.codec.ServerCodecConfigurer' available: expected at least 1 bean which qualifies as autowire candidate. Dependency annotations: {}
2019-03-11 11:40:37.483 ERROR org.springframework.boot.diagnostics.LoggingFailureAnalysisReporter Line:42  - 

***************************
APPLICATION FAILED TO START
***************************

Description:

Parameter 0 of method modifyRequestBodyGatewayFilterFactory in org.springframework.cloud.gateway.config.GatewayAutoConfiguration required a bean of type 'org.springframework.http.codec.ServerCodecConfigurer' that could not be found.


Action:

Consider defining a bean of type 'org.springframework.http.codec.ServerCodecConfigurer' in your configuration.

2019-03-11 11:42:10.476 ERROR org.springframework.boot.web.embedded.tomcat.TomcatStarter Line:62  - Error starting Tomcat context. Exception: org.springframework.beans.factory.BeanCreationException. Message: Error creating bean with name 'servletEndpointRegistrar' defined in class path resource [org/springframework/boot/actuate/autoconfigure/endpoint/web/ServletEndpointManagementContextConfiguration$WebMvcServletEndpointManagementContextConfiguration.class]: Bean instantiation via factory method failed; nested exception is org.springframework.beans.BeanInstantiationException: Failed to instantiate [org.springframework.boot.actuate.endpoint.web.ServletEndpointRegistrar]: Factory method 'servletEndpointRegistrar' threw exception; nested exception is org.springframework.beans.factory.UnsatisfiedDependencyException: Error creating bean with name 'gatewayControllerEndpoint' defined in class path resource [org/springframework/cloud/gateway/config/GatewayAutoConfiguration$GatewayActuatorConfiguration.class]: Unsatisfied dependency expressed through method 'gatewayControllerEndpoint' parameter 2; nested exception is org.springframework.beans.factory.UnsatisfiedDependencyException: Error creating bean with name 'modifyRequestBodyGatewayFilterFactory' defined in class path resource [org/springframework/cloud/gateway/config/GatewayAutoConfiguration.class]: Unsatisfied dependency expressed through method 'modifyRequestBodyGatewayFilterFactory' parameter 0; nested exception is org.springframework.beans.factory.NoSuchBeanDefinitionException: No qualifying bean of type 'org.springframework.http.codec.ServerCodecConfigurer' available: expected at least 1 bean which qualifies as autowire candidate. Dependency annotations: {}
2019-03-11 11:42:10.914 ERROR org.springframework.boot.diagnostics.LoggingFailureAnalysisReporter Line:42  - 

***************************
APPLICATION FAILED TO START
***************************

Description:

Parameter 0 of method modifyRequestBodyGatewayFilterFactory in org.springframework.cloud.gateway.config.GatewayAutoConfiguration required a bean of type 'org.springframework.http.codec.ServerCodecConfigurer' that could not be found.


Action:

Consider defining a bean of type 'org.springframework.http.codec.ServerCodecConfigurer' in your configuration.

2019-03-11 11:48:47.982 ERROR org.springframework.boot.web.embedded.tomcat.TomcatStarter Line:62  - Error starting Tomcat context. Exception: org.springframework.beans.factory.BeanCreationException. Message: Error creating bean with name 'servletEndpointRegistrar' defined in class path resource [org/springframework/boot/actuate/autoconfigure/endpoint/web/ServletEndpointManagementContextConfiguration$WebMvcServletEndpointManagementContextConfiguration.class]: Bean instantiation via factory method failed; nested exception is org.springframework.beans.BeanInstantiationException: Failed to instantiate [org.springframework.boot.actuate.endpoint.web.ServletEndpointRegistrar]: Factory method 'servletEndpointRegistrar' threw exception; nested exception is org.springframework.beans.factory.UnsatisfiedDependencyException: Error creating bean with name 'gatewayControllerEndpoint' defined in class path resource [org/springframework/cloud/gateway/config/GatewayAutoConfiguration$GatewayActuatorConfiguration.class]: Unsatisfied dependency expressed through method 'gatewayControllerEndpoint' parameter 2; nested exception is org.springframework.beans.factory.UnsatisfiedDependencyException: Error creating bean with name 'modifyRequestBodyGatewayFilterFactory' defined in class path resource [org/springframework/cloud/gateway/config/GatewayAutoConfiguration.class]: Unsatisfied dependency expressed through method 'modifyRequestBodyGatewayFilterFactory' parameter 0; nested exception is org.springframework.beans.factory.NoSuchBeanDefinitionException: No qualifying bean of type 'org.springframework.http.codec.ServerCodecConfigurer' available: expected at least 1 bean which qualifies as autowire candidate. Dependency annotations: {}
2019-03-11 11:48:48.415 ERROR org.springframework.boot.diagnostics.LoggingFailureAnalysisReporter Line:42  - 

***************************
APPLICATION FAILED TO START
***************************

Description:

Parameter 0 of method modifyRequestBodyGatewayFilterFactory in org.springframework.cloud.gateway.config.GatewayAutoConfiguration required a bean of type 'org.springframework.http.codec.ServerCodecConfigurer' that could not be found.


Action:

Consider defining a bean of type 'org.springframework.http.codec.ServerCodecConfigurer' in your configuration.

