2019-03-11 10:33:45.907 INFO  com.zuul.ZuulApplication Line:675 - No active profile set, falling back to default profiles: default
2019-03-11 10:33:48.936 INFO  org.apache.coyote.http11.Http11NioProtocol Line:173 - Initializing ProtocolHandler ["http-nio-8401"]
2019-03-11 10:33:48.949 INFO  org.apache.catalina.core.StandardService Line:173 - Starting service [Tomcat]
2019-03-11 10:33:48.949 INFO  org.apache.catalina.core.StandardEngine Line:173 - Starting Servlet engine: [Apache Tomcat/9.0.16]
2019-03-11 10:33:49.091 INFO  org.apache.catalina.core.AprLifecycleListener Line:173 - The APR based Apache Tomcat Native library which allows optimal performance in production environments was not found on the java.library.path: [D:\Program Files\Java\jdk1.8.0_91\bin;C:\Windows\Sun\Java\bin;C:\Windows\system32;C:\Windows;C:\ProgramData\Oracle\Java\javapath;C:\Program Files (x86)\Intel\Intel(R) Management Engine Components\iCLS\;C:\Program Files\Intel\Intel(R) Management Engine Components\iCLS\;C:\Windows\system32;C:\Windows;C:\Windows\System32\Wbem;C:\Windows\System32\WindowsPowerShell\v1.0\;C:\Windows\System32\OpenSSH\;C:\Program Files (x86)\Intel\Intel(R) Management Engine Components\DAL;C:\Program Files\Intel\Intel(R) Management Engine Components\DAL;C:\Program Files (x86)\Intel\Intel(R) Management Engine Components\IPT;C:\Program Files\Intel\Intel(R) Management Engine Components\IPT;C:\Program Files\nodejs\;D:\python;C:\Program Files\TortoiseGit\bin;C:\Program Files\Git\cmd;D:\Program Files\PuTTY\;D:\Program Files (x86)\PuTTY\;C:\Users\cairan\AppData\Local\Microsoft\WindowsApps;C:\Users\cairan\AppData\Roaming\npm;;.]
2019-03-11 10:33:49.503 INFO  org.apache.catalina.core.ContainerBase.[Tomcat].[localhost].[/] Line:173 - Initializing Spring embedded WebApplicationContext
2019-03-11 10:33:49.724 INFO  com.netflix.config.sources.URLConfigurationSource Line:122 - To enable URLs as dynamic configuration sources, define System property archaius.configurationSource.additionalUrls or make config.properties available on classpath.
2019-03-11 10:33:49.759 INFO  com.netflix.config.DynamicPropertyFactory Line:281 - DynamicPropertyFactory is initialized with configuration sources: com.netflix.config.ConcurrentCompositeConfiguration@3c88191b
2019-03-11 10:33:51.714 INFO  org.apache.catalina.core.StandardService Line:173 - Stopping service [Tomcat]
2019-03-11 10:34:58.143 INFO  com.zuul.ZuulApplication Line:675 - No active profile set, falling back to default profiles: default
2019-03-11 10:35:01.069 INFO  org.apache.coyote.http11.Http11NioProtocol Line:173 - Initializing ProtocolHandler ["http-nio-8401"]
2019-03-11 10:35:01.106 INFO  org.apache.catalina.core.StandardService Line:173 - Starting service [Tomcat]
2019-03-11 10:35:01.107 INFO  org.apache.catalina.core.StandardEngine Line:173 - Starting Servlet engine: [Apache Tomcat/9.0.16]
2019-03-11 10:35:01.120 INFO  org.apache.catalina.core.AprLifecycleListener Line:173 - The APR based Apache Tomcat Native library which allows optimal performance in production environments was not found on the java.library.path: [D:\Program Files\Java\jdk1.8.0_91\bin;C:\Windows\Sun\Java\bin;C:\Windows\system32;C:\Windows;C:\ProgramData\Oracle\Java\javapath;C:\Program Files (x86)\Intel\Intel(R) Management Engine Components\iCLS\;C:\Program Files\Intel\Intel(R) Management Engine Components\iCLS\;C:\Windows\system32;C:\Windows;C:\Windows\System32\Wbem;C:\Windows\System32\WindowsPowerShell\v1.0\;C:\Windows\System32\OpenSSH\;C:\Program Files (x86)\Intel\Intel(R) Management Engine Components\DAL;C:\Program Files\Intel\Intel(R) Management Engine Components\DAL;C:\Program Files (x86)\Intel\Intel(R) Management Engine Components\IPT;C:\Program Files\Intel\Intel(R) Management Engine Components\IPT;C:\Program Files\nodejs\;D:\python;C:\Program Files\TortoiseGit\bin;C:\Program Files\Git\cmd;D:\Program Files\PuTTY\;D:\Program Files (x86)\PuTTY\;C:\Users\cairan\AppData\Local\Microsoft\WindowsApps;C:\Users\cairan\AppData\Roaming\npm;;.]
2019-03-11 10:35:01.675 INFO  org.apache.catalina.core.ContainerBase.[Tomcat].[localhost].[/] Line:173 - Initializing Spring embedded WebApplicationContext
2019-03-11 10:35:01.921 INFO  com.netflix.config.sources.URLConfigurationSource Line:122 - To enable URLs as dynamic configuration sources, define System property archaius.configurationSource.additionalUrls or make config.properties available on classpath.
2019-03-11 10:35:01.944 INFO  com.netflix.config.DynamicPropertyFactory Line:281 - DynamicPropertyFactory is initialized with configuration sources: com.netflix.config.ConcurrentCompositeConfiguration@30a9e3db
2019-03-11 10:35:03.944 INFO  org.apache.catalina.core.StandardService Line:173 - Stopping service [Tomcat]
2019-03-11 10:37:43.209 INFO  com.zuul.ZuulApplication Line:675 - No active profile set, falling back to default profiles: default
2019-03-11 10:37:45.830 INFO  org.apache.coyote.http11.Http11NioProtocol Line:173 - Initializing ProtocolHandler ["http-nio-8401"]
2019-03-11 10:37:45.844 INFO  org.apache.catalina.core.StandardService Line:173 - Starting service [Tomcat]
2019-03-11 10:37:45.844 INFO  org.apache.catalina.core.StandardEngine Line:173 - Starting Servlet engine: [Apache Tomcat/9.0.16]
2019-03-11 10:37:45.971 INFO  org.apache.catalina.core.AprLifecycleListener Line:173 - The APR based Apache Tomcat Native library which allows optimal performance in production environments was not found on the java.library.path: [D:\Program Files\Java\jdk1.8.0_91\bin;C:\Windows\Sun\Java\bin;C:\Windows\system32;C:\Windows;C:\ProgramData\Oracle\Java\javapath;C:\Program Files (x86)\Intel\Intel(R) Management Engine Components\iCLS\;C:\Program Files\Intel\Intel(R) Management Engine Components\iCLS\;C:\Windows\system32;C:\Windows;C:\Windows\System32\Wbem;C:\Windows\System32\WindowsPowerShell\v1.0\;C:\Windows\System32\OpenSSH\;C:\Program Files (x86)\Intel\Intel(R) Management Engine Components\DAL;C:\Program Files\Intel\Intel(R) Management Engine Components\DAL;C:\Program Files (x86)\Intel\Intel(R) Management Engine Components\IPT;C:\Program Files\Intel\Intel(R) Management Engine Components\IPT;C:\Program Files\nodejs\;D:\python;C:\Program Files\TortoiseGit\bin;C:\Program Files\Git\cmd;D:\Program Files\PuTTY\;D:\Program Files (x86)\PuTTY\;C:\Users\cairan\AppData\Local\Microsoft\WindowsApps;C:\Users\cairan\AppData\Roaming\npm;;.]
2019-03-11 10:37:46.411 INFO  org.apache.catalina.core.ContainerBase.[Tomcat].[localhost].[/] Line:173 - Initializing Spring embedded WebApplicationContext
2019-03-11 10:37:46.597 INFO  com.netflix.config.sources.URLConfigurationSource Line:126 - URLs to be used as dynamic configuration source: [file:/E:/cairan/my-system/zuul/target/classes/config.properties]
2019-03-11 10:37:46.628 INFO  com.netflix.config.DynamicPropertyFactory Line:281 - DynamicPropertyFactory is initialized with configuration sources: com.netflix.config.ConcurrentCompositeConfiguration@fb5aeed
2019-03-11 10:37:48.704 INFO  org.apache.catalina.core.StandardService Line:173 - Stopping service [Tomcat]
2019-03-11 10:42:40.681 INFO  com.zuul.ZuulApplication Line:675 - No active profile set, falling back to default profiles: default
2019-03-11 10:42:43.282 INFO  org.apache.coyote.http11.Http11NioProtocol Line:173 - Initializing ProtocolHandler ["http-nio-8401"]
2019-03-11 10:42:43.295 INFO  org.apache.catalina.core.StandardService Line:173 - Starting service [Tomcat]
2019-03-11 10:42:43.296 INFO  org.apache.catalina.core.StandardEngine Line:173 - Starting Servlet engine: [Apache Tomcat/9.0.16]
2019-03-11 10:42:43.416 INFO  org.apache.catalina.core.AprLifecycleListener Line:173 - The APR based Apache Tomcat Native library which allows optimal performance in production environments was not found on the java.library.path: [D:\Program Files\Java\jdk1.8.0_91\bin;C:\Windows\Sun\Java\bin;C:\Windows\system32;C:\Windows;C:\ProgramData\Oracle\Java\javapath;C:\Program Files (x86)\Intel\Intel(R) Management Engine Components\iCLS\;C:\Program Files\Intel\Intel(R) Management Engine Components\iCLS\;C:\Windows\system32;C:\Windows;C:\Windows\System32\Wbem;C:\Windows\System32\WindowsPowerShell\v1.0\;C:\Windows\System32\OpenSSH\;C:\Program Files (x86)\Intel\Intel(R) Management Engine Components\DAL;C:\Program Files\Intel\Intel(R) Management Engine Components\DAL;C:\Program Files (x86)\Intel\Intel(R) Management Engine Components\IPT;C:\Program Files\Intel\Intel(R) Management Engine Components\IPT;C:\Program Files\nodejs\;D:\python;C:\Program Files\TortoiseGit\bin;C:\Program Files\Git\cmd;D:\Program Files\PuTTY\;D:\Program Files (x86)\PuTTY\;C:\Users\cairan\AppData\Local\Microsoft\WindowsApps;C:\Users\cairan\AppData\Roaming\npm;;.]
2019-03-11 10:42:43.835 INFO  org.apache.catalina.core.ContainerBase.[Tomcat].[localhost].[/] Line:173 - Initializing Spring embedded WebApplicationContext
2019-03-11 10:42:44.019 INFO  com.netflix.config.sources.URLConfigurationSource Line:126 - URLs to be used as dynamic configuration source: [file:/E:/cairan/my-system/zuul/target/classes/config.properties]
2019-03-11 10:42:44.059 INFO  com.netflix.config.DynamicPropertyFactory Line:281 - DynamicPropertyFactory is initialized with configuration sources: com.netflix.config.ConcurrentCompositeConfiguration@6cc64028
2019-03-11 10:42:46.015 INFO  org.apache.catalina.core.StandardService Line:173 - Stopping service [Tomcat]
2019-03-11 10:44:41.108 INFO  com.zuul.ZuulApplication Line:675 - No active profile set, falling back to default profiles: default
2019-03-11 10:44:44.073 INFO  org.apache.coyote.http11.Http11NioProtocol Line:173 - Initializing ProtocolHandler ["http-nio-8401"]
2019-03-11 10:44:44.088 INFO  org.apache.catalina.core.StandardService Line:173 - Starting service [Tomcat]
2019-03-11 10:44:44.088 INFO  org.apache.catalina.core.StandardEngine Line:173 - Starting Servlet engine: [Apache Tomcat/9.0.16]
2019-03-11 10:44:44.098 INFO  org.apache.catalina.core.AprLifecycleListener Line:173 - The APR based Apache Tomcat Native library which allows optimal performance in production environments was not found on the java.library.path: [D:\Program Files\Java\jdk1.8.0_91\bin;C:\Windows\Sun\Java\bin;C:\Windows\system32;C:\Windows;C:\ProgramData\Oracle\Java\javapath;C:\Program Files (x86)\Intel\Intel(R) Management Engine Components\iCLS\;C:\Program Files\Intel\Intel(R) Management Engine Components\iCLS\;C:\Windows\system32;C:\Windows;C:\Windows\System32\Wbem;C:\Windows\System32\WindowsPowerShell\v1.0\;C:\Windows\System32\OpenSSH\;C:\Program Files (x86)\Intel\Intel(R) Management Engine Components\DAL;C:\Program Files\Intel\Intel(R) Management Engine Components\DAL;C:\Program Files (x86)\Intel\Intel(R) Management Engine Components\IPT;C:\Program Files\Intel\Intel(R) Management Engine Components\IPT;C:\Program Files\nodejs\;D:\python;C:\Program Files\TortoiseGit\bin;C:\Program Files\Git\cmd;D:\Program Files\PuTTY\;D:\Program Files (x86)\PuTTY\;C:\Users\cairan\AppData\Local\Microsoft\WindowsApps;C:\Users\cairan\AppData\Roaming\npm;;.]
2019-03-11 10:44:44.743 INFO  org.apache.catalina.core.ContainerBase.[Tomcat].[localhost].[/] Line:173 - Initializing Spring embedded WebApplicationContext
2019-03-11 10:44:44.928 INFO  com.netflix.config.sources.URLConfigurationSource Line:126 - URLs to be used as dynamic configuration source: [file:/E:/cairan/my-system/zuul/target/classes/config.properties]
2019-03-11 10:44:44.959 INFO  com.netflix.config.DynamicPropertyFactory Line:281 - DynamicPropertyFactory is initialized with configuration sources: com.netflix.config.ConcurrentCompositeConfiguration@2d28fb02
2019-03-11 10:44:46.963 INFO  org.apache.catalina.core.StandardService Line:173 - Stopping service [Tomcat]
2019-03-11 10:48:39.696 INFO  com.zuul.ZuulApplication Line:675 - No active profile set, falling back to default profiles: default
2019-03-11 10:50:06.440 INFO  com.zuul.ZuulApplication Line:675 - No active profile set, falling back to default profiles: default
2019-03-11 10:50:09.349 INFO  org.apache.coyote.http11.Http11NioProtocol Line:173 - Initializing ProtocolHandler ["http-nio-8401"]
2019-03-11 10:50:09.364 INFO  org.apache.catalina.core.StandardService Line:173 - Starting service [Tomcat]
2019-03-11 10:50:09.365 INFO  org.apache.catalina.core.StandardEngine Line:173 - Starting Servlet engine: [Apache Tomcat/9.0.16]
2019-03-11 10:50:09.500 INFO  org.apache.catalina.core.AprLifecycleListener Line:173 - The APR based Apache Tomcat Native library which allows optimal performance in production environments was not found on the java.library.path: [D:\Program Files\Java\jdk1.8.0_91\bin;C:\Windows\Sun\Java\bin;C:\Windows\system32;C:\Windows;C:\ProgramData\Oracle\Java\javapath;C:\Program Files (x86)\Intel\Intel(R) Management Engine Components\iCLS\;C:\Program Files\Intel\Intel(R) Management Engine Components\iCLS\;C:\Windows\system32;C:\Windows;C:\Windows\System32\Wbem;C:\Windows\System32\WindowsPowerShell\v1.0\;C:\Windows\System32\OpenSSH\;C:\Program Files (x86)\Intel\Intel(R) Management Engine Components\DAL;C:\Program Files\Intel\Intel(R) Management Engine Components\DAL;C:\Program Files (x86)\Intel\Intel(R) Management Engine Components\IPT;C:\Program Files\Intel\Intel(R) Management Engine Components\IPT;C:\Program Files\nodejs\;D:\python;C:\Program Files\TortoiseGit\bin;C:\Program Files\Git\cmd;D:\Program Files\PuTTY\;D:\Program Files (x86)\PuTTY\;C:\Users\cairan\AppData\Local\Microsoft\WindowsApps;C:\Users\cairan\AppData\Roaming\npm;;.]
2019-03-11 10:50:09.933 INFO  org.apache.catalina.core.ContainerBase.[Tomcat].[localhost].[/] Line:173 - Initializing Spring embedded WebApplicationContext
2019-03-11 10:50:10.125 INFO  com.netflix.config.sources.URLConfigurationSource Line:126 - URLs to be used as dynamic configuration source: [file:/E:/cairan/my-system/zuul/target/classes/config.properties]
2019-03-11 10:50:10.159 INFO  com.netflix.config.DynamicPropertyFactory Line:281 - DynamicPropertyFactory is initialized with configuration sources: com.netflix.config.ConcurrentCompositeConfiguration@7f3c0399
2019-03-11 10:50:12.489 INFO  org.apache.catalina.core.StandardService Line:173 - Stopping service [Tomcat]
2019-03-11 10:50:40.617 INFO  com.zuul.ZuulApplication Line:675 - No active profile set, falling back to default profiles: default
2019-03-11 10:56:49.610 INFO  com.zuul.ZuulApplication Line:675 - No active profile set, falling back to default profiles: default
2019-03-11 10:58:32.267 INFO  com.zuul.ZuulApplication Line:675 - No active profile set, falling back to default profiles: default
2019-03-11 10:59:19.018 INFO  com.zuul.ZuulApplication Line:675 - No active profile set, falling back to default profiles: default
2019-03-11 10:59:22.134 INFO  org.apache.coyote.http11.Http11NioProtocol Line:173 - Initializing ProtocolHandler ["http-nio-8401"]
2019-03-11 10:59:22.146 INFO  org.apache.catalina.core.StandardService Line:173 - Starting service [Tomcat]
2019-03-11 10:59:22.148 INFO  org.apache.catalina.core.StandardEngine Line:173 - Starting Servlet engine: [Apache Tomcat/9.0.16]
2019-03-11 10:59:22.272 INFO  org.apache.catalina.core.AprLifecycleListener Line:173 - The APR based Apache Tomcat Native library which allows optimal performance in production environments was not found on the java.library.path: [D:\Program Files\Java\jdk1.8.0_91\bin;C:\Windows\Sun\Java\bin;C:\Windows\system32;C:\Windows;C:\ProgramData\Oracle\Java\javapath;C:\Program Files (x86)\Intel\Intel(R) Management Engine Components\iCLS\;C:\Program Files\Intel\Intel(R) Management Engine Components\iCLS\;C:\Windows\system32;C:\Windows;C:\Windows\System32\Wbem;C:\Windows\System32\WindowsPowerShell\v1.0\;C:\Windows\System32\OpenSSH\;C:\Program Files (x86)\Intel\Intel(R) Management Engine Components\DAL;C:\Program Files\Intel\Intel(R) Management Engine Components\DAL;C:\Program Files (x86)\Intel\Intel(R) Management Engine Components\IPT;C:\Program Files\Intel\Intel(R) Management Engine Components\IPT;C:\Program Files\nodejs\;D:\python;C:\Program Files\TortoiseGit\bin;C:\Program Files\Git\cmd;D:\Program Files\PuTTY\;D:\Program Files (x86)\PuTTY\;C:\Users\cairan\AppData\Local\Microsoft\WindowsApps;C:\Users\cairan\AppData\Roaming\npm;;.]
2019-03-11 10:59:22.710 INFO  org.apache.catalina.core.ContainerBase.[Tomcat].[localhost].[/] Line:173 - Initializing Spring embedded WebApplicationContext
2019-03-11 10:59:22.895 INFO  com.netflix.config.sources.URLConfigurationSource Line:126 - URLs to be used as dynamic configuration source: [file:/E:/cairan/my-system/zuul/target/classes/config.properties]
2019-03-11 10:59:22.929 INFO  com.netflix.config.DynamicPropertyFactory Line:281 - DynamicPropertyFactory is initialized with configuration sources: com.netflix.config.ConcurrentCompositeConfiguration@5df6163a
2019-03-11 10:59:24.904 INFO  org.apache.catalina.core.StandardService Line:173 - Stopping service [Tomcat]
2019-03-11 10:59:38.948 INFO  com.zuul.ZuulApplication Line:675 - No active profile set, falling back to default profiles: default
2019-03-11 10:59:42.254 INFO  org.apache.coyote.http11.Http11NioProtocol Line:173 - Initializing ProtocolHandler ["http-nio-8401"]
2019-03-11 10:59:42.271 INFO  org.apache.catalina.core.StandardService Line:173 - Starting service [Tomcat]
2019-03-11 10:59:42.271 INFO  org.apache.catalina.core.StandardEngine Line:173 - Starting Servlet engine: [Apache Tomcat/9.0.16]
2019-03-11 10:59:42.283 INFO  org.apache.catalina.core.AprLifecycleListener Line:173 - The APR based Apache Tomcat Native library which allows optimal performance in production environments was not found on the java.library.path: [D:\Program Files\Java\jdk1.8.0_91\bin;C:\Windows\Sun\Java\bin;C:\Windows\system32;C:\Windows;C:\ProgramData\Oracle\Java\javapath;C:\Program Files (x86)\Intel\Intel(R) Management Engine Components\iCLS\;C:\Program Files\Intel\Intel(R) Management Engine Components\iCLS\;C:\Windows\system32;C:\Windows;C:\Windows\System32\Wbem;C:\Windows\System32\WindowsPowerShell\v1.0\;C:\Windows\System32\OpenSSH\;C:\Program Files (x86)\Intel\Intel(R) Management Engine Components\DAL;C:\Program Files\Intel\Intel(R) Management Engine Components\DAL;C:\Program Files (x86)\Intel\Intel(R) Management Engine Components\IPT;C:\Program Files\Intel\Intel(R) Management Engine Components\IPT;C:\Program Files\nodejs\;D:\python;C:\Program Files\TortoiseGit\bin;C:\Program Files\Git\cmd;D:\Program Files\PuTTY\;D:\Program Files (x86)\PuTTY\;C:\Users\cairan\AppData\Local\Microsoft\WindowsApps;C:\Users\cairan\AppData\Roaming\npm;;.]
2019-03-11 10:59:42.910 INFO  org.apache.catalina.core.ContainerBase.[Tomcat].[localhost].[/] Line:173 - Initializing Spring embedded WebApplicationContext
2019-03-11 10:59:43.142 INFO  com.netflix.config.sources.URLConfigurationSource Line:126 - URLs to be used as dynamic configuration source: [file:/E:/cairan/my-system/zuul/target/classes/config.properties]
2019-03-11 10:59:43.181 INFO  com.netflix.config.DynamicPropertyFactory Line:281 - DynamicPropertyFactory is initialized with configuration sources: com.netflix.config.ConcurrentCompositeConfiguration@7a65c995
2019-03-11 10:59:45.786 INFO  org.apache.catalina.core.StandardService Line:173 - Stopping service [Tomcat]
2019-03-11 11:04:10.690 INFO  com.zuul.ZuulApplication Line:675 - No active profile set, falling back to default profiles: default
2019-03-11 11:04:13.278 INFO  org.apache.coyote.http11.Http11NioProtocol Line:173 - Initializing ProtocolHandler ["http-nio-8401"]
2019-03-11 11:04:13.290 INFO  org.apache.catalina.core.StandardService Line:173 - Starting service [Tomcat]
2019-03-11 11:04:13.291 INFO  org.apache.catalina.core.StandardEngine Line:173 - Starting Servlet engine: [Apache Tomcat/9.0.16]
2019-03-11 11:04:13.302 INFO  org.apache.catalina.core.AprLifecycleListener Line:173 - The APR based Apache Tomcat Native library which allows optimal performance in production environments was not found on the java.library.path: [D:\Program Files\Java\jdk1.8.0_91\bin;C:\Windows\Sun\Java\bin;C:\Windows\system32;C:\Windows;C:\ProgramData\Oracle\Java\javapath;C:\Program Files (x86)\Intel\Intel(R) Management Engine Components\iCLS\;C:\Program Files\Intel\Intel(R) Management Engine Components\iCLS\;C:\Windows\system32;C:\Windows;C:\Windows\System32\Wbem;C:\Windows\System32\WindowsPowerShell\v1.0\;C:\Windows\System32\OpenSSH\;C:\Program Files (x86)\Intel\Intel(R) Management Engine Components\DAL;C:\Program Files\Intel\Intel(R) Management Engine Components\DAL;C:\Program Files (x86)\Intel\Intel(R) Management Engine Components\IPT;C:\Program Files\Intel\Intel(R) Management Engine Components\IPT;C:\Program Files\nodejs\;D:\python;C:\Program Files\TortoiseGit\bin;C:\Program Files\Git\cmd;D:\Program Files\PuTTY\;D:\Program Files (x86)\PuTTY\;C:\Users\cairan\AppData\Local\Microsoft\WindowsApps;C:\Users\cairan\AppData\Roaming\npm;;.]
2019-03-11 11:04:13.860 INFO  org.apache.catalina.core.ContainerBase.[Tomcat].[localhost].[/] Line:173 - Initializing Spring embedded WebApplicationContext
2019-03-11 11:04:14.056 INFO  com.netflix.config.sources.URLConfigurationSource Line:126 - URLs to be used as dynamic configuration source: [file:/E:/cairan/my-system/zuul/target/classes/config.properties]
2019-03-11 11:04:14.090 INFO  com.netflix.config.DynamicPropertyFactory Line:281 - DynamicPropertyFactory is initialized with configuration sources: com.netflix.config.ConcurrentCompositeConfiguration@616a06e3
2019-03-11 11:04:16.010 INFO  org.apache.catalina.core.StandardService Line:173 - Stopping service [Tomcat]
2019-03-11 11:38:17.236 INFO  com.gateway.GatewayApplication Line:675 - No active profile set, falling back to default profiles: default
2019-03-11 11:38:19.737 INFO  org.apache.coyote.http11.Http11NioProtocol Line:173 - Initializing ProtocolHandler ["http-nio-8601"]
2019-03-11 11:38:19.750 INFO  org.apache.catalina.core.StandardService Line:173 - Starting service [Tomcat]
2019-03-11 11:38:19.750 INFO  org.apache.catalina.core.StandardEngine Line:173 - Starting Servlet engine: [Apache Tomcat/9.0.16]
2019-03-11 11:38:19.759 INFO  org.apache.catalina.core.AprLifecycleListener Line:173 - The APR based Apache Tomcat Native library which allows optimal performance in production environments was not found on the java.library.path: [D:\Program Files\Java\jdk1.8.0_91\bin;C:\Windows\Sun\Java\bin;C:\Windows\system32;C:\Windows;C:\ProgramData\Oracle\Java\javapath;C:\Program Files (x86)\Intel\Intel(R) Management Engine Components\iCLS\;C:\Program Files\Intel\Intel(R) Management Engine Components\iCLS\;C:\Windows\system32;C:\Windows;C:\Windows\System32\Wbem;C:\Windows\System32\WindowsPowerShell\v1.0\;C:\Windows\System32\OpenSSH\;C:\Program Files (x86)\Intel\Intel(R) Management Engine Components\DAL;C:\Program Files\Intel\Intel(R) Management Engine Components\DAL;C:\Program Files (x86)\Intel\Intel(R) Management Engine Components\IPT;C:\Program Files\Intel\Intel(R) Management Engine Components\IPT;C:\Program Files\nodejs\;D:\python;C:\Program Files\TortoiseGit\bin;C:\Program Files\Git\cmd;D:\Program Files\PuTTY\;D:\Program Files (x86)\PuTTY\;C:\Users\cairan\AppData\Local\Microsoft\WindowsApps;C:\Users\cairan\AppData\Roaming\npm;;.]
2019-03-11 11:38:20.214 INFO  org.apache.catalina.core.ContainerBase.[Tomcat].[localhost].[/] Line:173 - Initializing Spring embedded WebApplicationContext
2019-03-11 11:38:20.515 INFO  com.netflix.config.sources.URLConfigurationSource Line:122 - To enable URLs as dynamic configuration sources, define System property archaius.configurationSource.additionalUrls or make config.properties available on classpath.
2019-03-11 11:38:20.542 INFO  com.netflix.config.DynamicPropertyFactory Line:281 - DynamicPropertyFactory is initialized with configuration sources: com.netflix.config.ConcurrentCompositeConfiguration@647b9364
2019-03-11 11:38:22.483 INFO  org.apache.catalina.core.StandardService Line:173 - Stopping service [Tomcat]
2019-03-11 11:40:30.726 INFO  com.gateway.GatewayApplication Line:675 - No active profile set, falling back to default profiles: default
2019-03-11 11:40:33.670 INFO  org.apache.coyote.http11.Http11NioProtocol Line:173 - Initializing ProtocolHandler ["http-nio-8601"]
2019-03-11 11:40:33.684 INFO  org.apache.catalina.core.StandardService Line:173 - Starting service [Tomcat]
2019-03-11 11:40:33.684 INFO  org.apache.catalina.core.StandardEngine Line:173 - Starting Servlet engine: [Apache Tomcat/9.0.16]
2019-03-11 11:40:33.699 INFO  org.apache.catalina.core.AprLifecycleListener Line:173 - The APR based Apache Tomcat Native library which allows optimal performance in production environments was not found on the java.library.path: [D:\Program Files\Java\jdk1.8.0_91\bin;C:\Windows\Sun\Java\bin;C:\Windows\system32;C:\Windows;C:\ProgramData\Oracle\Java\javapath;C:\Program Files (x86)\Intel\Intel(R) Management Engine Components\iCLS\;C:\Program Files\Intel\Intel(R) Management Engine Components\iCLS\;C:\Windows\system32;C:\Windows;C:\Windows\System32\Wbem;C:\Windows\System32\WindowsPowerShell\v1.0\;C:\Windows\System32\OpenSSH\;C:\Program Files (x86)\Intel\Intel(R) Management Engine Components\DAL;C:\Program Files\Intel\Intel(R) Management Engine Components\DAL;C:\Program Files (x86)\Intel\Intel(R) Management Engine Components\IPT;C:\Program Files\Intel\Intel(R) Management Engine Components\IPT;C:\Program Files\nodejs\;D:\python;C:\Program Files\TortoiseGit\bin;C:\Program Files\Git\cmd;D:\Program Files\PuTTY\;D:\Program Files (x86)\PuTTY\;C:\Users\cairan\AppData\Local\Microsoft\WindowsApps;C:\Users\cairan\AppData\Roaming\npm;;.]
2019-03-11 11:40:34.192 INFO  org.apache.catalina.core.ContainerBase.[Tomcat].[localhost].[/] Line:173 - Initializing Spring embedded WebApplicationContext
2019-03-11 11:40:34.600 INFO  com.netflix.config.sources.URLConfigurationSource Line:122 - To enable URLs as dynamic configuration sources, define System property archaius.configurationSource.additionalUrls or make config.properties available on classpath.
2019-03-11 11:40:34.635 INFO  com.netflix.config.DynamicPropertyFactory Line:281 - DynamicPropertyFactory is initialized with configuration sources: com.netflix.config.ConcurrentCompositeConfiguration@dbddbe3
2019-03-11 11:40:37.040 INFO  org.apache.catalina.core.StandardService Line:173 - Stopping service [Tomcat]
2019-03-11 11:42:04.320 INFO  com.gateway.GatewayApplication Line:675 - No active profile set, falling back to default profiles: default
2019-03-11 11:42:07.381 INFO  org.apache.coyote.http11.Http11NioProtocol Line:173 - Initializing ProtocolHandler ["http-nio-8601"]
2019-03-11 11:42:07.396 INFO  org.apache.catalina.core.StandardService Line:173 - Starting service [Tomcat]
2019-03-11 11:42:07.396 INFO  org.apache.catalina.core.StandardEngine Line:173 - Starting Servlet engine: [Apache Tomcat/9.0.16]
2019-03-11 11:42:07.409 INFO  org.apache.catalina.core.AprLifecycleListener Line:173 - The APR based Apache Tomcat Native library which allows optimal performance in production environments was not found on the java.library.path: [D:\Program Files\Java\jdk1.8.0_91\bin;C:\Windows\Sun\Java\bin;C:\Windows\system32;C:\Windows;C:\ProgramData\Oracle\Java\javapath;C:\Program Files (x86)\Intel\Intel(R) Management Engine Components\iCLS\;C:\Program Files\Intel\Intel(R) Management Engine Components\iCLS\;C:\Windows\system32;C:\Windows;C:\Windows\System32\Wbem;C:\Windows\System32\WindowsPowerShell\v1.0\;C:\Windows\System32\OpenSSH\;C:\Program Files (x86)\Intel\Intel(R) Management Engine Components\DAL;C:\Program Files\Intel\Intel(R) Management Engine Components\DAL;C:\Program Files (x86)\Intel\Intel(R) Management Engine Components\IPT;C:\Program Files\Intel\Intel(R) Management Engine Components\IPT;C:\Program Files\nodejs\;D:\python;C:\Program Files\TortoiseGit\bin;C:\Program Files\Git\cmd;D:\Program Files\PuTTY\;D:\Program Files (x86)\PuTTY\;C:\Users\cairan\AppData\Local\Microsoft\WindowsApps;C:\Users\cairan\AppData\Roaming\npm;;.]
2019-03-11 11:42:07.910 INFO  org.apache.catalina.core.ContainerBase.[Tomcat].[localhost].[/] Line:173 - Initializing Spring embedded WebApplicationContext
2019-03-11 11:42:08.238 INFO  com.netflix.config.sources.URLConfigurationSource Line:122 - To enable URLs as dynamic configuration sources, define System property archaius.configurationSource.additionalUrls or make config.properties available on classpath.
2019-03-11 11:42:08.267 INFO  com.netflix.config.DynamicPropertyFactory Line:281 - DynamicPropertyFactory is initialized with configuration sources: com.netflix.config.ConcurrentCompositeConfiguration@613f7eb7
2019-03-11 11:42:10.522 INFO  org.apache.catalina.core.StandardService Line:173 - Stopping service [Tomcat]
2019-03-11 11:48:42.802 INFO  com.gateway.GatewayApplication Line:675 - No active profile set, falling back to default profiles: default
2019-03-11 11:48:45.233 INFO  org.apache.coyote.http11.Http11NioProtocol Line:173 - Initializing ProtocolHandler ["http-nio-8601"]
2019-03-11 11:48:45.247 INFO  org.apache.catalina.core.StandardService Line:173 - Starting service [Tomcat]
2019-03-11 11:48:45.248 INFO  org.apache.catalina.core.StandardEngine Line:173 - Starting Servlet engine: [Apache Tomcat/9.0.16]
2019-03-11 11:48:45.260 INFO  org.apache.catalina.core.AprLifecycleListener Line:173 - The APR based Apache Tomcat Native library which allows optimal performance in production environments was not found on the java.library.path: [D:\Program Files\Java\jdk1.8.0_91\bin;C:\Windows\Sun\Java\bin;C:\Windows\system32;C:\Windows;C:\ProgramData\Oracle\Java\javapath;C:\Program Files (x86)\Intel\Intel(R) Management Engine Components\iCLS\;C:\Program Files\Intel\Intel(R) Management Engine Components\iCLS\;C:\Windows\system32;C:\Windows;C:\Windows\System32\Wbem;C:\Windows\System32\WindowsPowerShell\v1.0\;C:\Windows\System32\OpenSSH\;C:\Program Files (x86)\Intel\Intel(R) Management Engine Components\DAL;C:\Program Files\Intel\Intel(R) Management Engine Components\DAL;C:\Program Files (x86)\Intel\Intel(R) Management Engine Components\IPT;C:\Program Files\Intel\Intel(R) Management Engine Components\IPT;C:\Program Files\nodejs\;D:\python;C:\Program Files\TortoiseGit\bin;C:\Program Files\Git\cmd;D:\Program Files\PuTTY\;D:\Program Files (x86)\PuTTY\;C:\Users\cairan\AppData\Local\Microsoft\WindowsApps;C:\Users\cairan\AppData\Roaming\npm;;.]
2019-03-11 11:48:45.706 INFO  org.apache.catalina.core.ContainerBase.[Tomcat].[localhost].[/] Line:173 - Initializing Spring embedded WebApplicationContext
2019-03-11 11:48:46.039 INFO  com.netflix.config.sources.URLConfigurationSource Line:122 - To enable URLs as dynamic configuration sources, define System property archaius.configurationSource.additionalUrls or make config.properties available on classpath.
2019-03-11 11:48:46.063 INFO  com.netflix.config.DynamicPropertyFactory Line:281 - DynamicPropertyFactory is initialized with configuration sources: com.netflix.config.ConcurrentCompositeConfiguration@69aabcb0
2019-03-11 11:48:48.029 INFO  org.apache.catalina.core.StandardService Line:173 - Stopping service [Tomcat]
